[0.893s] DEBUG:colcon:Command line arguments: ['/usr/bin/colcon', 'build']
[0.894s] DEBUG:colcon:Parsed command line arguments: Namespace(allow_overriding=[], ament_cmake_args=None, base_paths=['.'], build_base='build', catkin_cmake_args=None, catkin_skip_building_tests=False, cmake_args=None, cmake_clean_cache=False, cmake_clean_first=False, cmake_force_configure=False, cmake_target=None, cmake_target_skip_unavailable=False, continue_on_error=False, event_handlers=None, executor='parallel', ignore_user_meta=False, install_base='install', log_base=None, log_level=None, main=<bound method BuildVerb.main of <colcon_core.verb.build.BuildVerb object at 0x7f24b0fb6190>>, merge_install=False, metas=['./colcon.meta'], packages_above=None, packages_above_and_dependencies=None, packages_above_depth=None, packages_end=None, packages_ignore=None, packages_ignore_regex=None, packages_select=None, packages_select_build_failed=False, packages_select_by_dep=None, packages_select_regex=None, packages_select_test_failures=False, packages_skip=None, packages_skip_build_finished=False, packages_skip_by_dep=None, packages_skip_regex=None, packages_skip_test_passed=False, packages_skip_up_to=None, packages_start=None, packages_up_to=None, packages_up_to_regex=None, parallel_workers=12, paths=None, symlink_install=False, test_result_base=None, verb_extension=<colcon_core.verb.build.BuildVerb object at 0x7f24b0fb6190>, verb_name='build', verb_parser=<colcon_defaults.argument_parser.defaults.DefaultArgumentsDecorator object at 0x7f24b0fb66d0>)
[0.975s] Level 1:colcon.colcon_core.package_discovery:discover_packages(colcon_meta) check parameters
[0.975s] Level 1:colcon.colcon_core.package_discovery:discover_packages(recursive) check parameters
[0.975s] Level 1:colcon.colcon_core.package_discovery:discover_packages(ignore) check parameters
[0.975s] Level 1:colcon.colcon_core.package_discovery:discover_packages(path) check parameters
[0.975s] Level 1:colcon.colcon_core.package_discovery:discover_packages(colcon_meta) discover
[0.976s] Level 1:colcon.colcon_core.package_discovery:discover_packages(recursive) discover
[0.976s] INFO:colcon.colcon_core.package_discovery:Crawling recursively for packages in '/home/aysenur/path_planning'
[0.976s] Level 1:colcon.colcon_core.package_identification:_identify(.) by extensions ['ignore', 'ignore_ament_install']
[0.978s] Level 1:colcon.colcon_core.package_identification:_identify(.) by extension 'ignore'
[0.979s] Level 1:colcon.colcon_core.package_identification:_identify(.) by extension 'ignore_ament_install'
[0.979s] Level 1:colcon.colcon_core.package_identification:_identify(.) by extensions ['colcon_pkg']
[0.980s] Level 1:colcon.colcon_core.package_identification:_identify(.) by extension 'colcon_pkg'
[0.981s] Level 1:colcon.colcon_core.package_identification:_identify(.) by extensions ['colcon_meta']
[0.982s] Level 1:colcon.colcon_core.package_identification:_identify(.) by extension 'colcon_meta'
[0.982s] Level 1:colcon.colcon_core.package_identification:_identify(.) by extensions ['ros']
[0.983s] Level 1:colcon.colcon_core.package_identification:_identify(.) by extension 'ros'
[1.035s] Level 1:colcon.colcon_core.package_identification:_identify(.) by extensions ['cmake', 'python']
[1.035s] Level 1:colcon.colcon_core.package_identification:_identify(.) by extension 'cmake'
[1.035s] Level 1:colcon.colcon_core.package_identification:_identify(.) by extension 'python'
[1.035s] Level 1:colcon.colcon_core.package_identification:_identify(.) by extensions ['python_setup_py']
[1.036s] Level 1:colcon.colcon_core.package_identification:_identify(.) by extension 'python_setup_py'
[1.036s] Level 1:colcon.colcon_core.package_identification:_identify(build) by extensions ['ignore', 'ignore_ament_install']
[1.036s] Level 1:colcon.colcon_core.package_identification:_identify(build) by extension 'ignore'
[1.036s] Level 1:colcon.colcon_core.package_identification:_identify(build) ignored
[1.036s] Level 1:colcon.colcon_core.package_identification:_identify(install) by extensions ['ignore', 'ignore_ament_install']
[1.037s] Level 1:colcon.colcon_core.package_identification:_identify(install) by extension 'ignore'
[1.037s] Level 1:colcon.colcon_core.package_identification:_identify(install) ignored
[1.037s] Level 1:colcon.colcon_core.package_identification:_identify(log) by extensions ['ignore', 'ignore_ament_install']
[1.037s] Level 1:colcon.colcon_core.package_identification:_identify(log) by extension 'ignore'
[1.037s] Level 1:colcon.colcon_core.package_identification:_identify(log) ignored
[1.037s] Level 1:colcon.colcon_core.package_identification:_identify(src) by extensions ['ignore', 'ignore_ament_install']
[1.037s] Level 1:colcon.colcon_core.package_identification:_identify(src) by extension 'ignore'
[1.037s] Level 1:colcon.colcon_core.package_identification:_identify(src) by extension 'ignore_ament_install'
[1.038s] Level 1:colcon.colcon_core.package_identification:_identify(src) by extensions ['colcon_pkg']
[1.038s] Level 1:colcon.colcon_core.package_identification:_identify(src) by extension 'colcon_pkg'
[1.038s] Level 1:colcon.colcon_core.package_identification:_identify(src) by extensions ['colcon_meta']
[1.038s] Level 1:colcon.colcon_core.package_identification:_identify(src) by extension 'colcon_meta'
[1.039s] Level 1:colcon.colcon_core.package_identification:_identify(src) by extensions ['ros']
[1.040s] Level 1:colcon.colcon_core.package_identification:_identify(src) by extension 'ros'
[1.042s] Level 1:colcon.colcon_core.package_identification:_identify(src) by extensions ['cmake', 'python']
[1.043s] Level 1:colcon.colcon_core.package_identification:_identify(src) by extension 'cmake'
[1.044s] Level 1:colcon.colcon_core.package_identification:_identify(src) by extension 'python'
[1.044s] Level 1:colcon.colcon_core.package_identification:_identify(src) by extensions ['python_setup_py']
[1.044s] Level 1:colcon.colcon_core.package_identification:_identify(src) by extension 'python_setup_py'
[1.045s] Level 1:colcon.colcon_core.package_identification:_identify(src/path_plan) by extensions ['ignore', 'ignore_ament_install']
[1.046s] Level 1:colcon.colcon_core.package_identification:_identify(src/path_plan) by extension 'ignore'
[1.046s] Level 1:colcon.colcon_core.package_identification:_identify(src/path_plan) by extension 'ignore_ament_install'
[1.046s] Level 1:colcon.colcon_core.package_identification:_identify(src/path_plan) by extensions ['colcon_pkg']
[1.046s] Level 1:colcon.colcon_core.package_identification:_identify(src/path_plan) by extension 'colcon_pkg'
[1.046s] Level 1:colcon.colcon_core.package_identification:_identify(src/path_plan) by extensions ['colcon_meta']
[1.047s] Level 1:colcon.colcon_core.package_identification:_identify(src/path_plan) by extension 'colcon_meta'
[1.047s] Level 1:colcon.colcon_core.package_identification:_identify(src/path_plan) by extensions ['ros']
[1.047s] Level 1:colcon.colcon_core.package_identification:_identify(src/path_plan) by extension 'ros'
[1.054s] DEBUG:colcon.colcon_core.package_identification:Package 'src/path_plan' with type 'ros.ament_python' and name 'path_plan'
[1.054s] Level 1:colcon.colcon_core.package_discovery:discover_packages(recursive) using defaults
[1.055s] Level 1:colcon.colcon_core.package_discovery:discover_packages(ignore) discover
[1.056s] Level 1:colcon.colcon_core.package_discovery:discover_packages(ignore) using defaults
[1.057s] Level 1:colcon.colcon_core.package_discovery:discover_packages(path) discover
[1.057s] Level 1:colcon.colcon_core.package_discovery:discover_packages(path) using defaults
[1.124s] Level 1:colcon.colcon_core.package_discovery:discover_packages(prefix_path) check parameters
[1.124s] Level 1:colcon.colcon_core.package_discovery:discover_packages(prefix_path) discover
[1.129s] DEBUG:colcon.colcon_installed_package_information.package_discovery:Found 1 installed packages in /home/aysenur/path_planning/install
[1.132s] DEBUG:colcon.colcon_installed_package_information.package_discovery:Found 273 installed packages in /opt/ros/foxy
[1.134s] Level 1:colcon.colcon_core.package_discovery:discover_packages(prefix_path) using defaults
[1.359s] Level 5:colcon.colcon_core.verb:set package 'path_plan' build argument 'cmake_args' from command line to 'None'
[1.359s] Level 5:colcon.colcon_core.verb:set package 'path_plan' build argument 'cmake_target' from command line to 'None'
[1.359s] Level 5:colcon.colcon_core.verb:set package 'path_plan' build argument 'cmake_target_skip_unavailable' from command line to 'False'
[1.359s] Level 5:colcon.colcon_core.verb:set package 'path_plan' build argument 'cmake_clean_cache' from command line to 'False'
[1.359s] Level 5:colcon.colcon_core.verb:set package 'path_plan' build argument 'cmake_clean_first' from command line to 'False'
[1.359s] Level 5:colcon.colcon_core.verb:set package 'path_plan' build argument 'cmake_force_configure' from command line to 'False'
[1.359s] Level 5:colcon.colcon_core.verb:set package 'path_plan' build argument 'ament_cmake_args' from command line to 'None'
[1.359s] Level 5:colcon.colcon_core.verb:set package 'path_plan' build argument 'catkin_cmake_args' from command line to 'None'
[1.359s] Level 5:colcon.colcon_core.verb:set package 'path_plan' build argument 'catkin_skip_building_tests' from command line to 'False'
[1.359s] DEBUG:colcon.colcon_core.verb:Building package 'path_plan' with the following arguments: {'ament_cmake_args': None, 'build_base': '/home/aysenur/path_planning/build/path_plan', 'catkin_cmake_args': None, 'catkin_skip_building_tests': False, 'cmake_args': None, 'cmake_clean_cache': False, 'cmake_clean_first': False, 'cmake_force_configure': False, 'cmake_target': None, 'cmake_target_skip_unavailable': False, 'install_base': '/home/aysenur/path_planning/install/path_plan', 'merge_install': False, 'path': '/home/aysenur/path_planning/src/path_plan', 'symlink_install': False, 'test_result_base': None}
[1.361s] INFO:colcon.colcon_core.executor:Executing jobs using 'parallel' executor
[1.366s] DEBUG:colcon.colcon_parallel_executor.executor.parallel:run_until_complete
[1.366s] INFO:colcon.colcon_ros.task.ament_python.build:Building ROS package in '/home/aysenur/path_planning/src/path_plan' with build type 'ament_python'
[1.366s] Level 1:colcon.colcon_core.shell:create_environment_hook('path_plan', 'ament_prefix_path')
[1.383s] INFO:colcon.colcon_core.plugin_system:Skipping extension 'colcon_core.shell.bat': Not used on non-Windows systems
[1.383s] INFO:colcon.colcon_core.shell:Creating environment hook '/home/aysenur/path_planning/install/path_plan/share/path_plan/hook/ament_prefix_path.ps1'
[1.384s] INFO:colcon.colcon_core.shell:Creating environment descriptor '/home/aysenur/path_planning/install/path_plan/share/path_plan/hook/ament_prefix_path.dsv'
[1.385s] INFO:colcon.colcon_core.shell:Creating environment hook '/home/aysenur/path_planning/install/path_plan/share/path_plan/hook/ament_prefix_path.sh'
[1.387s] INFO:colcon.colcon_core.shell:Skip shell extension 'powershell' for command environment: Not usable outside of PowerShell
[1.388s] DEBUG:colcon.colcon_core.shell:Skip shell extension 'dsv' for command environment
[2.021s] INFO:colcon.colcon_core.task.python.build:Building Python package in '/home/aysenur/path_planning/src/path_plan'
[2.023s] INFO:colcon.colcon_core.shell:Skip shell extension 'powershell' for command environment: Not usable outside of PowerShell
[2.023s] DEBUG:colcon.colcon_core.shell:Skip shell extension 'dsv' for command environment
[3.166s] DEBUG:colcon.colcon_core.event_handler.log_command:Invoking command in '/home/aysenur/path_planning/src/path_plan': PYTHONPATH=/home/aysenur/path_planning/build/path_plan/prefix_override:/home/aysenur/path_planning/install/path_plan/lib/python3.8/site-packages:${PYTHONPATH} /usr/bin/python3 setup.py egg_info --egg-base ../../build/path_plan build --build-base /home/aysenur/path_planning/build/path_plan/build install --record /home/aysenur/path_planning/build/path_plan/install.log --install-scripts $base/lib/path_plan --single-version-externally-managed
[4.115s] DEBUG:colcon.colcon_core.event_handler.log_command:Invoked command in '/home/aysenur/path_planning/src/path_plan' returned '0': PYTHONPATH=/home/aysenur/path_planning/build/path_plan/prefix_override:/home/aysenur/path_planning/install/path_plan/lib/python3.8/site-packages:${PYTHONPATH} /usr/bin/python3 setup.py egg_info --egg-base ../../build/path_plan build --build-base /home/aysenur/path_planning/build/path_plan/build install --record /home/aysenur/path_planning/build/path_plan/install.log --install-scripts $base/lib/path_plan --single-version-externally-managed
[4.123s] Level 1:colcon.colcon_core.environment:checking '/home/aysenur/path_planning/install/path_plan' for CMake module files
[4.124s] Level 1:colcon.colcon_core.environment:checking '/home/aysenur/path_planning/install/path_plan' for CMake config files
[4.124s] Level 1:colcon.colcon_core.environment:checking '/home/aysenur/path_planning/install/path_plan/lib'
[4.124s] Level 1:colcon.colcon_core.environment:checking '/home/aysenur/path_planning/install/path_plan/bin'
[4.124s] Level 1:colcon.colcon_core.environment:checking '/home/aysenur/path_planning/install/path_plan/lib/pkgconfig/path_plan.pc'
[4.125s] Level 1:colcon.colcon_core.environment:checking '/home/aysenur/path_planning/install/path_plan/lib/python3.8/site-packages'
[4.125s] Level 1:colcon.colcon_core.shell:create_environment_hook('path_plan', 'pythonpath')
[4.126s] INFO:colcon.colcon_core.shell:Creating environment hook '/home/aysenur/path_planning/install/path_plan/share/path_plan/hook/pythonpath.ps1'
[4.127s] INFO:colcon.colcon_core.shell:Creating environment descriptor '/home/aysenur/path_planning/install/path_plan/share/path_plan/hook/pythonpath.dsv'
[4.127s] INFO:colcon.colcon_core.shell:Creating environment hook '/home/aysenur/path_planning/install/path_plan/share/path_plan/hook/pythonpath.sh'
[4.128s] Level 1:colcon.colcon_core.environment:checking '/home/aysenur/path_planning/install/path_plan/bin'
[4.128s] Level 1:colcon.colcon_core.environment:create_environment_scripts_only(path_plan)
[4.145s] INFO:colcon.colcon_core.shell:Creating package script '/home/aysenur/path_planning/install/path_plan/share/path_plan/package.ps1'
[4.153s] INFO:colcon.colcon_core.shell:Creating package descriptor '/home/aysenur/path_planning/install/path_plan/share/path_plan/package.dsv'
[4.157s] INFO:colcon.colcon_core.shell:Creating package script '/home/aysenur/path_planning/install/path_plan/share/path_plan/package.sh'
[4.159s] INFO:colcon.colcon_core.shell:Creating package script '/home/aysenur/path_planning/install/path_plan/share/path_plan/package.bash'
[4.161s] INFO:colcon.colcon_core.shell:Creating package script '/home/aysenur/path_planning/install/path_plan/share/path_plan/package.zsh'
[4.162s] Level 1:colcon.colcon_core.environment:create_file_with_runtime_dependencies(/home/aysenur/path_planning/install/path_plan/share/colcon-core/packages/path_plan)
[4.164s] DEBUG:colcon.colcon_parallel_executor.executor.parallel:closing loop
[4.164s] DEBUG:colcon.colcon_parallel_executor.executor.parallel:loop closed
[4.164s] DEBUG:colcon.colcon_parallel_executor.executor.parallel:run_until_complete finished with '0'
[4.164s] DEBUG:colcon.colcon_core.event_reactor:joining thread
[4.180s] INFO:colcon.colcon_core.plugin_system:Skipping extension 'colcon_notification.desktop_notification.terminal_notifier': Not used on non-Darwin systems
[4.180s] INFO:colcon.colcon_core.plugin_system:Skipping extension 'colcon_notification.desktop_notification.win32': Not used on non-Windows systems
[4.180s] INFO:colcon.colcon_notification.desktop_notification:Sending desktop notification using 'notify2'
[4.221s] DEBUG:colcon.colcon_core.event_reactor:joined thread
[4.224s] INFO:colcon.colcon_core.shell:Creating prefix script '/home/aysenur/path_planning/install/local_setup.ps1'
[4.225s] INFO:colcon.colcon_core.shell:Creating prefix util module '/home/aysenur/path_planning/install/_local_setup_util_ps1.py'
[4.227s] INFO:colcon.colcon_core.shell:Creating prefix chain script '/home/aysenur/path_planning/install/setup.ps1'
[4.229s] INFO:colcon.colcon_core.shell:Creating prefix script '/home/aysenur/path_planning/install/local_setup.sh'
[4.229s] INFO:colcon.colcon_core.shell:Creating prefix util module '/home/aysenur/path_planning/install/_local_setup_util_sh.py'
[4.230s] INFO:colcon.colcon_core.shell:Creating prefix chain script '/home/aysenur/path_planning/install/setup.sh'
[4.233s] INFO:colcon.colcon_core.shell:Creating prefix script '/home/aysenur/path_planning/install/local_setup.bash'
[4.234s] INFO:colcon.colcon_core.shell:Creating prefix chain script '/home/aysenur/path_planning/install/setup.bash'
[4.244s] INFO:colcon.colcon_core.shell:Creating prefix script '/home/aysenur/path_planning/install/local_setup.zsh'
[4.245s] INFO:colcon.colcon_core.shell:Creating prefix chain script '/home/aysenur/path_planning/install/setup.zsh'
