[1.616s] Invoking command in '/home/aysenur/path_planning/src/path_plan': PYTHONPATH=/home/aysenur/path_planning/build/path_plan/prefix_override:/home/aysenur/path_planning/install/path_plan/lib/python3.8/site-packages:${PYTHONPATH} /usr/bin/python3 setup.py egg_info --egg-base ../../build/path_plan build --build-base /home/aysenur/path_planning/build/path_plan/build install --record /home/aysenur/path_planning/build/path_plan/install.log --install-scripts $base/lib/path_plan --single-version-externally-managed
[2.209s] running egg_info
[2.210s] writing ../../build/path_plan/path_plan.egg-info/PKG-INFO
[2.210s] writing dependency_links to ../../build/path_plan/path_plan.egg-info/dependency_links.txt
[2.210s] writing entry points to ../../build/path_plan/path_plan.egg-info/entry_points.txt
[2.210s] writing requirements to ../../build/path_plan/path_plan.egg-info/requires.txt
[2.210s] writing top-level names to ../../build/path_plan/path_plan.egg-info/top_level.txt
[2.293s] reading manifest file '../../build/path_plan/path_plan.egg-info/SOURCES.txt'
[2.300s] writing manifest file '../../build/path_plan/path_plan.egg-info/SOURCES.txt'
[2.301s] running build
[2.301s] running build_py
[2.302s] running install
[2.306s] running install_lib
[2.308s] running install_data
[2.309s] running install_egg_info
[2.311s] removing '/home/aysenur/path_planning/install/path_plan/lib/python3.8/site-packages/path_plan-0.0.0-py3.8.egg-info' (and everything under it)
[2.313s] Copying ../../build/path_plan/path_plan.egg-info to /home/aysenur/path_planning/install/path_plan/lib/python3.8/site-packages/path_plan-0.0.0-py3.8.egg-info
[2.321s] running install_scripts
[2.376s] Installing bot_move script to /home/aysenur/path_planning/install/path_plan/lib/path_plan
[2.376s] writing list of installed files to '/home/aysenur/path_planning/build/path_plan/install.log'
[2.441s] Invoked command in '/home/aysenur/path_planning/src/path_plan' returned '0': PYTHONPATH=/home/aysenur/path_planning/build/path_plan/prefix_override:/home/aysenur/path_planning/install/path_plan/lib/python3.8/site-packages:${PYTHONPATH} /usr/bin/python3 setup.py egg_info --egg-base ../../build/path_plan build --build-base /home/aysenur/path_planning/build/path_plan/build install --record /home/aysenur/path_planning/build/path_plan/install.log --install-scripts $base/lib/path_plan --single-version-externally-managed
