[1.520s] Invoking command in '/home/aysenur/path_planning/src/path_plan': PYTHONPATH=/home/aysenur/path_planning/build/path_plan/prefix_override:/home/aysenur/path_planning/install/path_plan/lib/python3.8/site-packages:${PYTHONPATH} /usr/bin/python3 setup.py egg_info --egg-base ../../build/path_plan build --build-base /home/aysenur/path_planning/build/path_plan/build install --record /home/aysenur/path_planning/build/path_plan/install.log --install-scripts $base/lib/path_plan --single-version-externally-managed
[2.018s] running egg_info
[2.018s] writing ../../build/path_plan/path_plan.egg-info/PKG-INFO
[2.021s] writing dependency_links to ../../build/path_plan/path_plan.egg-info/dependency_links.txt
[2.023s] writing entry points to ../../build/path_plan/path_plan.egg-info/entry_points.txt
[2.025s] writing requirements to ../../build/path_plan/path_plan.egg-info/requires.txt
[2.026s] writing top-level names to ../../build/path_plan/path_plan.egg-info/top_level.txt
[2.094s] reading manifest file '../../build/path_plan/path_plan.egg-info/SOURCES.txt'
[2.099s] writing manifest file '../../build/path_plan/path_plan.egg-info/SOURCES.txt'
[2.100s] running build
[2.101s] running build_py
[2.101s] copying path_plan/motion_plan.py -> /home/aysenur/path_planning/build/path_plan/build/lib/path_plan
[2.108s] running install
[2.114s] running install_lib
[2.117s] copying /home/aysenur/path_planning/build/path_plan/build/lib/path_plan/motion_plan.py -> /home/aysenur/path_planning/install/path_plan/lib/python3.8/site-packages/path_plan
[2.117s] byte-compiling /home/aysenur/path_planning/install/path_plan/lib/python3.8/site-packages/path_plan/motion_plan.py to motion_plan.cpython-38.pyc
[2.125s] running install_data
[2.131s] running install_egg_info
[2.134s] removing '/home/aysenur/path_planning/install/path_plan/lib/python3.8/site-packages/path_plan-0.0.0-py3.8.egg-info' (and everything under it)
[2.135s] Copying ../../build/path_plan/path_plan.egg-info to /home/aysenur/path_planning/install/path_plan/lib/python3.8/site-packages/path_plan-0.0.0-py3.8.egg-info
[2.136s] running install_scripts
[2.177s] Installing bot_move script to /home/aysenur/path_planning/install/path_plan/lib/path_plan
[2.177s] writing list of installed files to '/home/aysenur/path_planning/build/path_plan/install.log'
[2.243s] Invoked command in '/home/aysenur/path_planning/src/path_plan' returned '0': PYTHONPATH=/home/aysenur/path_planning/build/path_plan/prefix_override:/home/aysenur/path_planning/install/path_plan/lib/python3.8/site-packages:${PYTHONPATH} /usr/bin/python3 setup.py egg_info --egg-base ../../build/path_plan build --build-base /home/aysenur/path_planning/build/path_plan/build install --record /home/aysenur/path_planning/build/path_plan/install.log --install-scripts $base/lib/path_plan --single-version-externally-managed
