[0.377s] Invoking command in '/home/aysenur/path_planning/src/path_plan': PYTHONPATH=/home/aysenur/path_planning/build/path_plan/prefix_override:/home/aysenur/path_planning/install/path_plan/lib/python3.8/site-packages:${PYTHONPATH} /usr/bin/python3 setup.py egg_info --egg-base ../../build/path_plan build --build-base /home/aysenur/path_planning/build/path_plan/build install --record /home/aysenur/path_planning/build/path_plan/install.log --install-scripts $base/lib/path_plan --single-version-externally-managed
[0.502s] running egg_info
[0.502s] writing ../../build/path_plan/path_plan.egg-info/PKG-INFO
[0.503s] writing dependency_links to ../../build/path_plan/path_plan.egg-info/dependency_links.txt
[0.503s] writing entry points to ../../build/path_plan/path_plan.egg-info/entry_points.txt
[0.503s] writing requirements to ../../build/path_plan/path_plan.egg-info/requires.txt
[0.503s] writing top-level names to ../../build/path_plan/path_plan.egg-info/top_level.txt
[0.523s] reading manifest file '../../build/path_plan/path_plan.egg-info/SOURCES.txt'
[0.524s] writing manifest file '../../build/path_plan/path_plan.egg-info/SOURCES.txt'
[0.524s] running build
[0.524s] running build_py
[0.524s] copying path_plan/pathplanning.py -> /home/aysenur/path_planning/build/path_plan/build/lib/path_plan
[0.525s] copying path_plan/motion_plan.py -> /home/aysenur/path_planning/build/path_plan/build/lib/path_plan
[0.525s] copying path_plan/robot_map.py -> /home/aysenur/path_planning/build/path_plan/build/lib/path_plan
[0.525s] running install
[0.525s] running install_lib
[0.526s] copying /home/aysenur/path_planning/build/path_plan/build/lib/path_plan/pathplanning.py -> /home/aysenur/path_planning/install/path_plan/lib/python3.8/site-packages/path_plan
[0.526s] copying /home/aysenur/path_planning/build/path_plan/build/lib/path_plan/motion_plan.py -> /home/aysenur/path_planning/install/path_plan/lib/python3.8/site-packages/path_plan
[0.526s] copying /home/aysenur/path_planning/build/path_plan/build/lib/path_plan/robot_map.py -> /home/aysenur/path_planning/install/path_plan/lib/python3.8/site-packages/path_plan
[0.526s] byte-compiling /home/aysenur/path_planning/install/path_plan/lib/python3.8/site-packages/path_plan/pathplanning.py to pathplanning.cpython-38.pyc
[0.529s] byte-compiling /home/aysenur/path_planning/install/path_plan/lib/python3.8/site-packages/path_plan/motion_plan.py to motion_plan.cpython-38.pyc
[0.530s] byte-compiling /home/aysenur/path_planning/install/path_plan/lib/python3.8/site-packages/path_plan/robot_map.py to robot_map.cpython-38.pyc
[0.531s] running install_data
[0.532s] running install_egg_info
[0.533s] removing '/home/aysenur/path_planning/install/path_plan/lib/python3.8/site-packages/path_plan-0.0.0-py3.8.egg-info' (and everything under it)
[0.533s] Copying ../../build/path_plan/path_plan.egg-info to /home/aysenur/path_planning/install/path_plan/lib/python3.8/site-packages/path_plan-0.0.0-py3.8.egg-info
[0.533s] running install_scripts
[0.544s] Installing bot_move script to /home/aysenur/path_planning/install/path_plan/lib/path_plan
[0.544s] writing list of installed files to '/home/aysenur/path_planning/build/path_plan/install.log'
[0.558s] Invoked command in '/home/aysenur/path_planning/src/path_plan' returned '0': PYTHONPATH=/home/aysenur/path_planning/build/path_plan/prefix_override:/home/aysenur/path_planning/install/path_plan/lib/python3.8/site-packages:${PYTHONPATH} /usr/bin/python3 setup.py egg_info --egg-base ../../build/path_plan build --build-base /home/aysenur/path_planning/build/path_plan/build install --record /home/aysenur/path_planning/build/path_plan/install.log --install-scripts $base/lib/path_plan --single-version-externally-managed
