[0.384s] Invoking command in '/home/aysenur/path_planning/src/path_plan': PYTHONPATH=/home/aysenur/path_planning/build/path_plan/prefix_override:/home/aysenur/path_planning/install/path_plan/lib/python3.8/site-packages:${PYTHONPATH} /usr/bin/python3 setup.py egg_info --egg-base ../../build/path_plan build --build-base /home/aysenur/path_planning/build/path_plan/build install --record /home/aysenur/path_planning/build/path_plan/install.log --install-scripts $base/lib/path_plan --single-version-externally-managed
[0.512s] running egg_info
[0.512s] writing ../../build/path_plan/path_plan.egg-info/PKG-INFO
[0.513s] writing dependency_links to ../../build/path_plan/path_plan.egg-info/dependency_links.txt
[0.513s] writing entry points to ../../build/path_plan/path_plan.egg-info/entry_points.txt
[0.513s] writing requirements to ../../build/path_plan/path_plan.egg-info/requires.txt
[0.513s] writing top-level names to ../../build/path_plan/path_plan.egg-info/top_level.txt
[0.535s] reading manifest file '../../build/path_plan/path_plan.egg-info/SOURCES.txt'
[0.535s] writing manifest file '../../build/path_plan/path_plan.egg-info/SOURCES.txt'
[0.536s] running build
[0.536s] running build_py
[0.536s] copying path_plan/features.py -> /home/aysenur/path_planning/build/path_plan/build/lib/path_plan
[0.536s] running install
[0.536s] running install_lib
[0.537s] copying /home/aysenur/path_planning/build/path_plan/build/lib/path_plan/features.py -> /home/aysenur/path_planning/install/path_plan/lib/python3.8/site-packages/path_plan
[0.538s] byte-compiling /home/aysenur/path_planning/install/path_plan/lib/python3.8/site-packages/path_plan/features.py to features.cpython-38.pyc
[0.539s] running install_data
[0.539s] running install_egg_info
[0.540s] removing '/home/aysenur/path_planning/install/path_plan/lib/python3.8/site-packages/path_plan-0.0.0-py3.8.egg-info' (and everything under it)
[0.540s] Copying ../../build/path_plan/path_plan.egg-info to /home/aysenur/path_planning/install/path_plan/lib/python3.8/site-packages/path_plan-0.0.0-py3.8.egg-info
[0.541s] running install_scripts
[0.551s] Installing bot_move script to /home/aysenur/path_planning/install/path_plan/lib/path_plan
[0.552s] writing list of installed files to '/home/aysenur/path_planning/build/path_plan/install.log'
[0.565s] Invoked command in '/home/aysenur/path_planning/src/path_plan' returned '0': PYTHONPATH=/home/aysenur/path_planning/build/path_plan/prefix_override:/home/aysenur/path_planning/install/path_plan/lib/python3.8/site-packages:${PYTHONPATH} /usr/bin/python3 setup.py egg_info --egg-base ../../build/path_plan build --build-base /home/aysenur/path_planning/build/path_plan/build install --record /home/aysenur/path_planning/build/path_plan/install.log --install-scripts $base/lib/path_plan --single-version-externally-managed
