[1.662s] Invoking command in '/home/aysenur/path_planning/src/path_plan': PYTHONPATH=/home/aysenur/path_planning/build/path_plan/prefix_override:/home/aysenur/path_planning/install/path_plan/lib/python3.8/site-packages:${PYTHONPATH} /usr/bin/python3 setup.py egg_info --egg-base ../../build/path_plan build --build-base /home/aysenur/path_planning/build/path_plan/build install --record /home/aysenur/path_planning/build/path_plan/install.log --install-scripts $base/lib/path_plan --single-version-externally-managed
[2.206s] running egg_info
[2.210s] writing ../../build/path_plan/path_plan.egg-info/PKG-INFO
[2.211s] writing dependency_links to ../../build/path_plan/path_plan.egg-info/dependency_links.txt
[2.214s] writing entry points to ../../build/path_plan/path_plan.egg-info/entry_points.txt
[2.216s] writing requirements to ../../build/path_plan/path_plan.egg-info/requires.txt
[2.218s] writing top-level names to ../../build/path_plan/path_plan.egg-info/top_level.txt
[2.292s] reading manifest file '../../build/path_plan/path_plan.egg-info/SOURCES.txt'
[2.293s] writing manifest file '../../build/path_plan/path_plan.egg-info/SOURCES.txt'
[2.293s] running build
[2.293s] running build_py
[2.294s] running install
[2.295s] running install_lib
[2.305s] running install_data
[2.307s] running install_egg_info
[2.320s] removing '/home/aysenur/path_planning/install/path_plan/lib/python3.8/site-packages/path_plan-0.0.0-py3.8.egg-info' (and everything under it)
[2.320s] Copying ../../build/path_plan/path_plan.egg-info to /home/aysenur/path_planning/install/path_plan/lib/python3.8/site-packages/path_plan-0.0.0-py3.8.egg-info
[2.321s] running install_scripts
[2.371s] Installing bot_move script to /home/aysenur/path_planning/install/path_plan/lib/path_plan
[2.373s] writing list of installed files to '/home/aysenur/path_planning/build/path_plan/install.log'
[2.450s] Invoked command in '/home/aysenur/path_planning/src/path_plan' returned '0': PYTHONPATH=/home/aysenur/path_planning/build/path_plan/prefix_override:/home/aysenur/path_planning/install/path_plan/lib/python3.8/site-packages:${PYTHONPATH} /usr/bin/python3 setup.py egg_info --egg-base ../../build/path_plan build --build-base /home/aysenur/path_planning/build/path_plan/build install --record /home/aysenur/path_planning/build/path_plan/install.log --install-scripts $base/lib/path_plan --single-version-externally-managed
