[0.343s] DEBUG:colcon:Command line arguments: ['/usr/bin/colcon', 'list', '-p', '--base-paths', '/home/aysenur/path_planning']
[0.343s] DEBUG:colcon:Parsed command line arguments: Namespace(allow_overriding=[], base_paths=['/home/aysenur/path_planning'], build_base='build', ignore_user_meta=False, log_base=None, log_level=None, main=<bound method ListVerb.main of <colcon_package_information.verb.list.ListVerb object at 0x7f5ea764bee0>>, metas=['./colcon.meta'], names_only=False, packages_above=None, packages_above_and_dependencies=None, packages_above_depth=None, packages_end=None, packages_ignore=None, packages_ignore_regex=None, packages_select=None, packages_select_build_failed=False, packages_select_by_dep=None, packages_select_regex=None, packages_select_test_failures=False, packages_skip=None, packages_skip_build_finished=False, packages_skip_by_dep=None, packages_skip_regex=None, packages_skip_test_passed=False, packages_skip_up_to=None, packages_start=None, packages_up_to=None, packages_up_to_regex=None, paths=None, paths_only=True, topological_graph=False, topological_graph_density=False, topological_graph_dot=False, topological_graph_dot_cluster=False, topological_graph_dot_include_skipped=False, topological_graph_legend=False, topological_order=False, verb_extension=<colcon_package_information.verb.list.ListVerb object at 0x7f5ea764bee0>, verb_name='list', verb_parser=<colcon_defaults.argument_parser.defaults.DefaultArgumentsDecorator object at 0x7f5ea75c95e0>)
[0.377s] Level 1:colcon.colcon_core.package_discovery:discover_packages(colcon_meta) check parameters
[0.377s] Level 1:colcon.colcon_core.package_discovery:discover_packages(recursive) check parameters
[0.377s] Level 1:colcon.colcon_core.package_discovery:discover_packages(ignore) check parameters
[0.377s] Level 1:colcon.colcon_core.package_discovery:discover_packages(path) check parameters
[0.377s] Level 1:colcon.colcon_core.package_discovery:discover_packages(recursive) discover
[0.377s] INFO:colcon.colcon_core.package_discovery:Crawling recursively for packages in '/home/aysenur/path_planning'
[0.378s] Level 1:colcon.colcon_core.package_identification:_identify(/home/aysenur/path_planning) by extensions ['ignore', 'ignore_ament_install']
[0.378s] Level 1:colcon.colcon_core.package_identification:_identify(/home/aysenur/path_planning) by extension 'ignore'
[0.378s] Level 1:colcon.colcon_core.package_identification:_identify(/home/aysenur/path_planning) by extension 'ignore_ament_install'
[0.378s] Level 1:colcon.colcon_core.package_identification:_identify(/home/aysenur/path_planning) by extensions ['colcon_pkg']
[0.378s] Level 1:colcon.colcon_core.package_identification:_identify(/home/aysenur/path_planning) by extension 'colcon_pkg'
[0.378s] Level 1:colcon.colcon_core.package_identification:_identify(/home/aysenur/path_planning) by extensions ['colcon_meta']
[0.378s] Level 1:colcon.colcon_core.package_identification:_identify(/home/aysenur/path_planning) by extension 'colcon_meta'
[0.378s] Level 1:colcon.colcon_core.package_identification:_identify(/home/aysenur/path_planning) by extensions ['ros']
[0.378s] Level 1:colcon.colcon_core.package_identification:_identify(/home/aysenur/path_planning) by extension 'ros'
[0.394s] Level 1:colcon.colcon_core.package_identification:_identify(/home/aysenur/path_planning) by extensions ['cmake', 'python']
[0.394s] Level 1:colcon.colcon_core.package_identification:_identify(/home/aysenur/path_planning) by extension 'cmake'
[0.394s] Level 1:colcon.colcon_core.package_identification:_identify(/home/aysenur/path_planning) by extension 'python'
[0.395s] Level 1:colcon.colcon_core.package_identification:_identify(/home/aysenur/path_planning) by extensions ['python_setup_py']
[0.395s] Level 1:colcon.colcon_core.package_identification:_identify(/home/aysenur/path_planning) by extension 'python_setup_py'
[0.395s] Level 1:colcon.colcon_core.package_identification:_identify(/home/aysenur/path_planning/DOCKER) by extensions ['ignore', 'ignore_ament_install']
[0.395s] Level 1:colcon.colcon_core.package_identification:_identify(/home/aysenur/path_planning/DOCKER) by extension 'ignore'
[0.396s] Level 1:colcon.colcon_core.package_identification:_identify(/home/aysenur/path_planning/DOCKER) by extension 'ignore_ament_install'
[0.396s] Level 1:colcon.colcon_core.package_identification:_identify(/home/aysenur/path_planning/DOCKER) by extensions ['colcon_pkg']
[0.396s] Level 1:colcon.colcon_core.package_identification:_identify(/home/aysenur/path_planning/DOCKER) by extension 'colcon_pkg'
[0.396s] Level 1:colcon.colcon_core.package_identification:_identify(/home/aysenur/path_planning/DOCKER) by extensions ['colcon_meta']
[0.396s] Level 1:colcon.colcon_core.package_identification:_identify(/home/aysenur/path_planning/DOCKER) by extension 'colcon_meta'
[0.396s] Level 1:colcon.colcon_core.package_identification:_identify(/home/aysenur/path_planning/DOCKER) by extensions ['ros']
[0.396s] Level 1:colcon.colcon_core.package_identification:_identify(/home/aysenur/path_planning/DOCKER) by extension 'ros'
[0.396s] Level 1:colcon.colcon_core.package_identification:_identify(/home/aysenur/path_planning/DOCKER) by extensions ['cmake', 'python']
[0.396s] Level 1:colcon.colcon_core.package_identification:_identify(/home/aysenur/path_planning/DOCKER) by extension 'cmake'
[0.396s] Level 1:colcon.colcon_core.package_identification:_identify(/home/aysenur/path_planning/DOCKER) by extension 'python'
[0.396s] Level 1:colcon.colcon_core.package_identification:_identify(/home/aysenur/path_planning/DOCKER) by extensions ['python_setup_py']
[0.396s] Level 1:colcon.colcon_core.package_identification:_identify(/home/aysenur/path_planning/DOCKER) by extension 'python_setup_py'
[0.396s] Level 1:colcon.colcon_core.package_identification:_identify(/home/aysenur/path_planning/build) by extensions ['ignore', 'ignore_ament_install']
[0.397s] Level 1:colcon.colcon_core.package_identification:_identify(/home/aysenur/path_planning/build) by extension 'ignore'
[0.397s] Level 1:colcon.colcon_core.package_identification:_identify(/home/aysenur/path_planning/build) ignored
[0.397s] Level 1:colcon.colcon_core.package_identification:_identify(/home/aysenur/path_planning/install) by extensions ['ignore', 'ignore_ament_install']
[0.397s] Level 1:colcon.colcon_core.package_identification:_identify(/home/aysenur/path_planning/install) by extension 'ignore'
[0.397s] Level 1:colcon.colcon_core.package_identification:_identify(/home/aysenur/path_planning/install) ignored
[0.397s] Level 1:colcon.colcon_core.package_identification:_identify(/home/aysenur/path_planning/log) by extensions ['ignore', 'ignore_ament_install']
[0.397s] Level 1:colcon.colcon_core.package_identification:_identify(/home/aysenur/path_planning/log) by extension 'ignore'
[0.397s] Level 1:colcon.colcon_core.package_identification:_identify(/home/aysenur/path_planning/log) ignored
[0.397s] Level 1:colcon.colcon_core.package_identification:_identify(/home/aysenur/path_planning/src) by extensions ['ignore', 'ignore_ament_install']
[0.398s] Level 1:colcon.colcon_core.package_identification:_identify(/home/aysenur/path_planning/src) by extension 'ignore'
[0.398s] Level 1:colcon.colcon_core.package_identification:_identify(/home/aysenur/path_planning/src) by extension 'ignore_ament_install'
[0.398s] Level 1:colcon.colcon_core.package_identification:_identify(/home/aysenur/path_planning/src) by extensions ['colcon_pkg']
[0.398s] Level 1:colcon.colcon_core.package_identification:_identify(/home/aysenur/path_planning/src) by extension 'colcon_pkg'
[0.398s] Level 1:colcon.colcon_core.package_identification:_identify(/home/aysenur/path_planning/src) by extensions ['colcon_meta']
[0.398s] Level 1:colcon.colcon_core.package_identification:_identify(/home/aysenur/path_planning/src) by extension 'colcon_meta'
[0.398s] Level 1:colcon.colcon_core.package_identification:_identify(/home/aysenur/path_planning/src) by extensions ['ros']
[0.398s] Level 1:colcon.colcon_core.package_identification:_identify(/home/aysenur/path_planning/src) by extension 'ros'
[0.398s] Level 1:colcon.colcon_core.package_identification:_identify(/home/aysenur/path_planning/src) by extensions ['cmake', 'python']
[0.399s] Level 1:colcon.colcon_core.package_identification:_identify(/home/aysenur/path_planning/src) by extension 'cmake'
[0.399s] Level 1:colcon.colcon_core.package_identification:_identify(/home/aysenur/path_planning/src) by extension 'python'
[0.399s] Level 1:colcon.colcon_core.package_identification:_identify(/home/aysenur/path_planning/src) by extensions ['python_setup_py']
[0.399s] Level 1:colcon.colcon_core.package_identification:_identify(/home/aysenur/path_planning/src) by extension 'python_setup_py'
[0.399s] Level 1:colcon.colcon_core.package_identification:_identify(/home/aysenur/path_planning/src/path_plan) by extensions ['ignore', 'ignore_ament_install']
[0.399s] Level 1:colcon.colcon_core.package_identification:_identify(/home/aysenur/path_planning/src/path_plan) by extension 'ignore'
[0.400s] Level 1:colcon.colcon_core.package_identification:_identify(/home/aysenur/path_planning/src/path_plan) by extension 'ignore_ament_install'
[0.400s] Level 1:colcon.colcon_core.package_identification:_identify(/home/aysenur/path_planning/src/path_plan) by extensions ['colcon_pkg']
[0.400s] Level 1:colcon.colcon_core.package_identification:_identify(/home/aysenur/path_planning/src/path_plan) by extension 'colcon_pkg'
[0.400s] Level 1:colcon.colcon_core.package_identification:_identify(/home/aysenur/path_planning/src/path_plan) by extensions ['colcon_meta']
[0.400s] Level 1:colcon.colcon_core.package_identification:_identify(/home/aysenur/path_planning/src/path_plan) by extension 'colcon_meta'
[0.400s] Level 1:colcon.colcon_core.package_identification:_identify(/home/aysenur/path_planning/src/path_plan) by extensions ['ros']
[0.400s] Level 1:colcon.colcon_core.package_identification:_identify(/home/aysenur/path_planning/src/path_plan) by extension 'ros'
[0.405s] DEBUG:colcon.colcon_core.package_identification:Package '/home/aysenur/path_planning/src/path_plan' with type 'ros.ament_python' and name 'path_plan'
[0.405s] Level 1:colcon.colcon_core.package_discovery:discover_packages(recursive) using defaults
