[0.373s] Invoking command in '/home/aysenur/path_planning/src/path_plan': PYTHONPATH=/home/aysenur/path_planning/build/path_plan/prefix_override:/home/aysenur/path_planning/install/path_plan/lib/python3.8/site-packages:${PYTHONPATH} /usr/bin/python3 setup.py egg_info --egg-base ../../build/path_plan build --build-base /home/aysenur/path_planning/build/path_plan/build install --record /home/aysenur/path_planning/build/path_plan/install.log --install-scripts $base/lib/path_plan --single-version-externally-managed
[0.498s] running egg_info
[0.498s] writing ../../build/path_plan/path_plan.egg-info/PKG-INFO
[0.498s] writing dependency_links to ../../build/path_plan/path_plan.egg-info/dependency_links.txt
[0.498s] writing entry points to ../../build/path_plan/path_plan.egg-info/entry_points.txt
[0.498s] writing requirements to ../../build/path_plan/path_plan.egg-info/requires.txt
[0.498s] writing top-level names to ../../build/path_plan/path_plan.egg-info/top_level.txt
[0.519s] reading manifest file '../../build/path_plan/path_plan.egg-info/SOURCES.txt'
[0.520s] writing manifest file '../../build/path_plan/path_plan.egg-info/SOURCES.txt'
[0.520s] running build
[0.520s] running build_py
[0.520s] running install
[0.521s] running install_lib
[0.522s] running install_data
[0.522s] copying launch/maze_2_robot_camera.launch.py -> /home/aysenur/path_planning/install/path_plan/share/path_plan/launch
[0.522s] copying launch/gazebo.launch.py -> /home/aysenur/path_planning/install/path_plan/share/path_plan/launch
[0.522s] copying launch/rviz.launch.py -> /home/aysenur/path_planning/install/path_plan/share/path_plan/launch
[0.522s] copying launch/maze_1_robot_camera.launch.py -> /home/aysenur/path_planning/install/path_plan/share/path_plan/launch
[0.522s] copying urdf/robot_model.urdf -> /home/aysenur/path_planning/install/path_plan/share/path_plan/urdf
[0.522s] copying worlds/maze_2.world -> /home/aysenur/path_planning/install/path_plan/share/path_plan/worlds
[0.522s] copying worlds/maze.world -> /home/aysenur/path_planning/install/path_plan/share/path_plan/worlds
[0.523s] running install_egg_info
[0.524s] removing '/home/aysenur/path_planning/install/path_plan/lib/python3.8/site-packages/path_plan-0.0.0-py3.8.egg-info' (and everything under it)
[0.524s] Copying ../../build/path_plan/path_plan.egg-info to /home/aysenur/path_planning/install/path_plan/lib/python3.8/site-packages/path_plan-0.0.0-py3.8.egg-info
[0.524s] running install_scripts
[0.535s] Installing bot_move script to /home/aysenur/path_planning/install/path_plan/lib/path_plan
[0.535s] writing list of installed files to '/home/aysenur/path_planning/build/path_plan/install.log'
[0.547s] Invoked command in '/home/aysenur/path_planning/src/path_plan' returned '0': PYTHONPATH=/home/aysenur/path_planning/build/path_plan/prefix_override:/home/aysenur/path_planning/install/path_plan/lib/python3.8/site-packages:${PYTHONPATH} /usr/bin/python3 setup.py egg_info --egg-base ../../build/path_plan build --build-base /home/aysenur/path_planning/build/path_plan/build install --record /home/aysenur/path_planning/build/path_plan/install.log --install-scripts $base/lib/path_plan --single-version-externally-managed
