/home/aysenur/path_planning/install/path_plan/lib/python3.8/site-packages/path_plan/maze_gen.py
/home/aysenur/path_planning/install/path_plan/lib/python3.8/site-packages/path_plan/robot_setup.py
/home/aysenur/path_planning/install/path_plan/lib/python3.8/site-packages/path_plan/features.py
/home/aysenur/path_planning/install/path_plan/lib/python3.8/site-packages/path_plan/detect_robot.py
/home/aysenur/path_planning/install/path_plan/lib/python3.8/site-packages/path_plan/lab.py
/home/aysenur/path_planning/install/path_plan/lib/python3.8/site-packages/path_plan/pathplanning.py
/home/aysenur/path_planning/install/path_plan/lib/python3.8/site-packages/path_plan/final_script.py
/home/aysenur/path_planning/install/path_plan/lib/python3.8/site-packages/path_plan/__init__.py
/home/aysenur/path_planning/install/path_plan/lib/python3.8/site-packages/path_plan/motion_plan.py
/home/aysenur/path_planning/install/path_plan/lib/python3.8/site-packages/path_plan/robot_map.py
/home/aysenur/path_planning/install/path_plan/lib/python3.8/site-packages/path_plan/__pycache__/maze_gen.cpython-38.pyc
/home/aysenur/path_planning/install/path_plan/lib/python3.8/site-packages/path_plan/__pycache__/robot_setup.cpython-38.pyc
/home/aysenur/path_planning/install/path_plan/lib/python3.8/site-packages/path_plan/__pycache__/features.cpython-38.pyc
/home/aysenur/path_planning/install/path_plan/lib/python3.8/site-packages/path_plan/__pycache__/detect_robot.cpython-38.pyc
/home/aysenur/path_planning/install/path_plan/lib/python3.8/site-packages/path_plan/__pycache__/lab.cpython-38.pyc
/home/aysenur/path_planning/install/path_plan/lib/python3.8/site-packages/path_plan/__pycache__/pathplanning.cpython-38.pyc
/home/aysenur/path_planning/install/path_plan/lib/python3.8/site-packages/path_plan/__pycache__/final_script.cpython-38.pyc
/home/aysenur/path_planning/install/path_plan/lib/python3.8/site-packages/path_plan/__pycache__/__init__.cpython-38.pyc
/home/aysenur/path_planning/install/path_plan/lib/python3.8/site-packages/path_plan/__pycache__/motion_plan.cpython-38.pyc
/home/aysenur/path_planning/install/path_plan/lib/python3.8/site-packages/path_plan/__pycache__/robot_map.cpython-38.pyc
/home/aysenur/path_planning/install/path_plan/share/ament_index/resource_index/packages/path_plan
/home/aysenur/path_planning/install/path_plan/share/path_plan/package.xml
/home/aysenur/path_planning/install/path_plan/share/path_plan/launch/maze_2_robot_camera.launch.py
/home/aysenur/path_planning/install/path_plan/share/path_plan/launch/gazebo.launch.py
/home/aysenur/path_planning/install/path_plan/share/path_plan/launch/rviz.launch.py
/home/aysenur/path_planning/install/path_plan/share/path_plan/launch/maze_1_robot_camera.launch.py
/home/aysenur/path_planning/install/path_plan/share/path_plan/urdf/robot_model.urdf
/home/aysenur/path_planning/install/path_plan/share/path_plan/meshes/wheel_l.stl
/home/aysenur/path_planning/install/path_plan/share/path_plan/meshes/front_caster.stl
/home/aysenur/path_planning/install/path_plan/share/path_plan/meshes/wheel_r.stl
/home/aysenur/path_planning/install/path_plan/share/path_plan/meshes/base_link.stl
/home/aysenur/path_planning/install/path_plan/share/path_plan/worlds/maze_2.world
/home/aysenur/path_planning/install/path_plan/share/path_plan/worlds/maze.world
/home/aysenur/path_planning/install/path_plan/share/path_plan/worlds/maze1.world
/home/aysenur/path_planning/install/path_plan/lib/python3.8/site-packages/path_plan-0.0.0-py3.8.egg-info/dependency_links.txt
/home/aysenur/path_planning/install/path_plan/lib/python3.8/site-packages/path_plan-0.0.0-py3.8.egg-info/entry_points.txt
/home/aysenur/path_planning/install/path_plan/lib/python3.8/site-packages/path_plan-0.0.0-py3.8.egg-info/PKG-INFO
/home/aysenur/path_planning/install/path_plan/lib/python3.8/site-packages/path_plan-0.0.0-py3.8.egg-info/SOURCES.txt
/home/aysenur/path_planning/install/path_plan/lib/python3.8/site-packages/path_plan-0.0.0-py3.8.egg-info/top_level.txt
/home/aysenur/path_planning/install/path_plan/lib/python3.8/site-packages/path_plan-0.0.0-py3.8.egg-info/requires.txt
/home/aysenur/path_planning/install/path_plan/lib/python3.8/site-packages/path_plan-0.0.0-py3.8.egg-info/zip-safe
/home/aysenur/path_planning/install/path_plan/lib/path_plan/bot_move
