[2.754s] Invoking command in '/home/aysenur/path_planning/src/path_plan': PYTHONPATH=/home/aysenur/path_planning/build/path_plan/prefix_override:/home/aysenur/path_planning/install/path_plan/lib/python3.8/site-packages:${PYTHONPATH} /usr/bin/python3 setup.py egg_info --egg-base ../../build/path_plan build --build-base /home/aysenur/path_planning/build/path_plan/build install --record /home/aysenur/path_planning/build/path_plan/install.log --install-scripts $base/lib/path_plan --single-version-externally-managed
[3.649s] running egg_info
[3.650s] writing ../../build/path_plan/path_plan.egg-info/PKG-INFO
[3.651s] writing dependency_links to ../../build/path_plan/path_plan.egg-info/dependency_links.txt
[3.651s] writing entry points to ../../build/path_plan/path_plan.egg-info/entry_points.txt
[3.651s] writing requirements to ../../build/path_plan/path_plan.egg-info/requires.txt
[3.651s] writing top-level names to ../../build/path_plan/path_plan.egg-info/top_level.txt
[3.775s] reading manifest file '../../build/path_plan/path_plan.egg-info/SOURCES.txt'
[3.781s] writing manifest file '../../build/path_plan/path_plan.egg-info/SOURCES.txt'
[3.782s] running build
[3.782s] running build_py
[3.783s] running install
[3.785s] running install_lib
[3.795s] running install_data
[3.799s] copying worlds/maze_2.world -> /home/aysenur/path_planning/install/path_plan/share/path_plan/worlds
[3.799s] running install_egg_info
[3.808s] removing '/home/aysenur/path_planning/install/path_plan/lib/python3.8/site-packages/path_plan-0.0.0-py3.8.egg-info' (and everything under it)
[3.810s] Copying ../../build/path_plan/path_plan.egg-info to /home/aysenur/path_planning/install/path_plan/lib/python3.8/site-packages/path_plan-0.0.0-py3.8.egg-info
[3.816s] running install_scripts
[3.898s] Installing bot_move script to /home/aysenur/path_planning/install/path_plan/lib/path_plan
[3.899s] writing list of installed files to '/home/aysenur/path_planning/build/path_plan/install.log'
[4.050s] Invoked command in '/home/aysenur/path_planning/src/path_plan' returned '0': PYTHONPATH=/home/aysenur/path_planning/build/path_plan/prefix_override:/home/aysenur/path_planning/install/path_plan/lib/python3.8/site-packages:${PYTHONPATH} /usr/bin/python3 setup.py egg_info --egg-base ../../build/path_plan build --build-base /home/aysenur/path_planning/build/path_plan/build install --record /home/aysenur/path_planning/build/path_plan/install.log --install-scripts $base/lib/path_plan --single-version-externally-managed
