running egg_info
writing ../../build/path_plan/path_plan.egg-info/PKG-INFO
writing dependency_links to ../../build/path_plan/path_plan.egg-info/dependency_links.txt
writing entry points to ../../build/path_plan/path_plan.egg-info/entry_points.txt
writing requirements to ../../build/path_plan/path_plan.egg-info/requires.txt
writing top-level names to ../../build/path_plan/path_plan.egg-info/top_level.txt
reading manifest file '../../build/path_plan/path_plan.egg-info/SOURCES.txt'
writing manifest file '../../build/path_plan/path_plan.egg-info/SOURCES.txt'
running build
running build_py
copying path_plan/final_script.py -> /home/aysenur/path_planning/build/path_plan/build/lib/path_plan
copying path_plan/robot_map.py -> /home/aysenur/path_planning/build/path_plan/build/lib/path_plan
running install
running install_lib
copying /home/aysenur/path_planning/build/path_plan/build/lib/path_plan/final_script.py -> /home/aysenur/path_planning/install/path_plan/lib/python3.8/site-packages/path_plan
copying /home/aysenur/path_planning/build/path_plan/build/lib/path_plan/robot_map.py -> /home/aysenur/path_planning/install/path_plan/lib/python3.8/site-packages/path_plan
byte-compiling /home/aysenur/path_planning/install/path_plan/lib/python3.8/site-packages/path_plan/final_script.py to final_script.cpython-38.pyc
byte-compiling /home/aysenur/path_planning/install/path_plan/lib/python3.8/site-packages/path_plan/robot_map.py to robot_map.cpython-38.pyc
running install_data
running install_egg_info
removing '/home/aysenur/path_planning/install/path_plan/lib/python3.8/site-packages/path_plan-0.0.0-py3.8.egg-info' (and everything under it)
Copying ../../build/path_plan/path_plan.egg-info to /home/aysenur/path_planning/install/path_plan/lib/python3.8/site-packages/path_plan-0.0.0-py3.8.egg-info
running install_scripts
Installing bot_move script to /home/aysenur/path_planning/install/path_plan/lib/path_plan
writing list of installed files to '/home/aysenur/path_planning/build/path_plan/install.log'
