[1.826s] Invoking command in '/home/aysenur/path_planning/src/path_plan': PYTHONPATH=/home/aysenur/path_planning/build/path_plan/prefix_override:/home/aysenur/path_planning/install/path_plan/lib/python3.8/site-packages:${PYTHONPATH} /usr/bin/python3 setup.py egg_info --egg-base ../../build/path_plan build --build-base /home/aysenur/path_planning/build/path_plan/build install --record /home/aysenur/path_planning/build/path_plan/install.log --install-scripts $base/lib/path_plan --single-version-externally-managed
[2.384s] running egg_info
[2.384s] writing ../../build/path_plan/path_plan.egg-info/PKG-INFO
[2.385s] writing dependency_links to ../../build/path_plan/path_plan.egg-info/dependency_links.txt
[2.387s] writing entry points to ../../build/path_plan/path_plan.egg-info/entry_points.txt
[2.389s] writing requirements to ../../build/path_plan/path_plan.egg-info/requires.txt
[2.391s] writing top-level names to ../../build/path_plan/path_plan.egg-info/top_level.txt
[2.485s] reading manifest file '../../build/path_plan/path_plan.egg-info/SOURCES.txt'
[2.487s] writing manifest file '../../build/path_plan/path_plan.egg-info/SOURCES.txt'
[2.487s] running build
[2.487s] running build_py
[2.488s] running install
[2.489s] running install_lib
[2.491s] running install_data
[2.493s] running install_egg_info
[2.504s] removing '/home/aysenur/path_planning/install/path_plan/lib/python3.8/site-packages/path_plan-0.0.0-py3.8.egg-info' (and everything under it)
[2.505s] Copying ../../build/path_plan/path_plan.egg-info to /home/aysenur/path_planning/install/path_plan/lib/python3.8/site-packages/path_plan-0.0.0-py3.8.egg-info
[2.514s] running install_scripts
[2.577s] Installing bot_move script to /home/aysenur/path_planning/install/path_plan/lib/path_plan
[2.579s] writing list of installed files to '/home/aysenur/path_planning/build/path_plan/install.log'
[2.670s] Invoked command in '/home/aysenur/path_planning/src/path_plan' returned '0': PYTHONPATH=/home/aysenur/path_planning/build/path_plan/prefix_override:/home/aysenur/path_planning/install/path_plan/lib/python3.8/site-packages:${PYTHONPATH} /usr/bin/python3 setup.py egg_info --egg-base ../../build/path_plan build --build-base /home/aysenur/path_planning/build/path_plan/build install --record /home/aysenur/path_planning/build/path_plan/install.log --install-scripts $base/lib/path_plan --single-version-externally-managed
