[0.396s] Invoking command in '/home/aysenur/path_planning/src/path_plan': PYTHONPATH=/home/aysenur/path_planning/build/path_plan/prefix_override:/home/aysenur/path_planning/install/path_plan/lib/python3.8/site-packages:${PYTHONPATH} /usr/bin/python3 setup.py egg_info --egg-base ../../build/path_plan build --build-base /home/aysenur/path_planning/build/path_plan/build install --record /home/aysenur/path_planning/build/path_plan/install.log --install-scripts $base/lib/path_plan --single-version-externally-managed
[0.524s] running egg_info
[0.524s] writing ../../build/path_plan/path_plan.egg-info/PKG-INFO
[0.532s] writing dependency_links to ../../build/path_plan/path_plan.egg-info/dependency_links.txt
[0.532s] writing entry points to ../../build/path_plan/path_plan.egg-info/entry_points.txt
[0.532s] writing requirements to ../../build/path_plan/path_plan.egg-info/requires.txt
[0.532s] writing top-level names to ../../build/path_plan/path_plan.egg-info/top_level.txt
[0.558s] reading manifest file '../../build/path_plan/path_plan.egg-info/SOURCES.txt'
[0.558s] writing manifest file '../../build/path_plan/path_plan.egg-info/SOURCES.txt'
[0.559s] running build
[0.559s] running build_py
[0.559s] copying path_plan/maze_gen.py -> /home/aysenur/path_planning/build/path_plan/build/lib/path_plan
[0.559s] copying path_plan/features.py -> /home/aysenur/path_planning/build/path_plan/build/lib/path_plan
[0.559s] copying path_plan/detect_robot.py -> /home/aysenur/path_planning/build/path_plan/build/lib/path_plan
[0.559s] copying path_plan/lab.py -> /home/aysenur/path_planning/build/path_plan/build/lib/path_plan
[0.559s] copying path_plan/final_script.py -> /home/aysenur/path_planning/build/path_plan/build/lib/path_plan
[0.559s] running install
[0.560s] running install_lib
[0.560s] copying /home/aysenur/path_planning/build/path_plan/build/lib/path_plan/maze_gen.py -> /home/aysenur/path_planning/install/path_plan/lib/python3.8/site-packages/path_plan
[0.560s] copying /home/aysenur/path_planning/build/path_plan/build/lib/path_plan/features.py -> /home/aysenur/path_planning/install/path_plan/lib/python3.8/site-packages/path_plan
[0.560s] copying /home/aysenur/path_planning/build/path_plan/build/lib/path_plan/detect_robot.py -> /home/aysenur/path_planning/install/path_plan/lib/python3.8/site-packages/path_plan
[0.561s] copying /home/aysenur/path_planning/build/path_plan/build/lib/path_plan/lab.py -> /home/aysenur/path_planning/install/path_plan/lib/python3.8/site-packages/path_plan
[0.561s] copying /home/aysenur/path_planning/build/path_plan/build/lib/path_plan/final_script.py -> /home/aysenur/path_planning/install/path_plan/lib/python3.8/site-packages/path_plan
[0.561s] byte-compiling /home/aysenur/path_planning/install/path_plan/lib/python3.8/site-packages/path_plan/maze_gen.py to maze_gen.cpython-38.pyc
[0.562s] byte-compiling /home/aysenur/path_planning/install/path_plan/lib/python3.8/site-packages/path_plan/features.py to features.cpython-38.pyc
[0.563s] byte-compiling /home/aysenur/path_planning/install/path_plan/lib/python3.8/site-packages/path_plan/detect_robot.py to detect_robot.cpython-38.pyc
[0.564s] byte-compiling /home/aysenur/path_planning/install/path_plan/lib/python3.8/site-packages/path_plan/lab.py to lab.cpython-38.pyc
[0.564s] byte-compiling /home/aysenur/path_planning/install/path_plan/lib/python3.8/site-packages/path_plan/final_script.py to final_script.cpython-38.pyc
[0.565s] running install_data
[0.566s] running install_egg_info
[0.567s] removing '/home/aysenur/path_planning/install/path_plan/lib/python3.8/site-packages/path_plan-0.0.0-py3.8.egg-info' (and everything under it)
[0.567s] Copying ../../build/path_plan/path_plan.egg-info to /home/aysenur/path_planning/install/path_plan/lib/python3.8/site-packages/path_plan-0.0.0-py3.8.egg-info
[0.568s] running install_scripts
[0.578s] Installing bot_move script to /home/aysenur/path_planning/install/path_plan/lib/path_plan
[0.578s] writing list of installed files to '/home/aysenur/path_planning/build/path_plan/install.log'
[0.591s] Invoked command in '/home/aysenur/path_planning/src/path_plan' returned '0': PYTHONPATH=/home/aysenur/path_planning/build/path_plan/prefix_override:/home/aysenur/path_planning/install/path_plan/lib/python3.8/site-packages:${PYTHONPATH} /usr/bin/python3 setup.py egg_info --egg-base ../../build/path_plan build --build-base /home/aysenur/path_planning/build/path_plan/build install --record /home/aysenur/path_planning/build/path_plan/install.log --install-scripts $base/lib/path_plan --single-version-externally-managed
