running egg_info
creating ../../build/path_plan/path_plan.egg-info
writing ../../build/path_plan/path_plan.egg-info/PKG-INFO
writing dependency_links to ../../build/path_plan/path_plan.egg-info/dependency_links.txt
writing entry points to ../../build/path_plan/path_plan.egg-info/entry_points.txt
writing requirements to ../../build/path_plan/path_plan.egg-info/requires.txt
writing top-level names to ../../build/path_plan/path_plan.egg-info/top_level.txt
writing manifest file '../../build/path_plan/path_plan.egg-info/SOURCES.txt'
reading manifest file '../../build/path_plan/path_plan.egg-info/SOURCES.txt'
writing manifest file '../../build/path_plan/path_plan.egg-info/SOURCES.txt'
running build
running build_py
creating /home/aysenur/path_planning/build/path_plan/build
creating /home/aysenur/path_planning/build/path_plan/build/lib
creating /home/aysenur/path_planning/build/path_plan/build/lib/path_plan
copying path_plan/robot_setup.py -> /home/aysenur/path_planning/build/path_plan/build/lib/path_plan
copying path_plan/features.py -> /home/aysenur/path_planning/build/path_plan/build/lib/path_plan
copying path_plan/detect_robot.py -> /home/aysenur/path_planning/build/path_plan/build/lib/path_plan
copying path_plan/pathplanning.py -> /home/aysenur/path_planning/build/path_plan/build/lib/path_plan
copying path_plan/final_script.py -> /home/aysenur/path_planning/build/path_plan/build/lib/path_plan
copying path_plan/__init__.py -> /home/aysenur/path_planning/build/path_plan/build/lib/path_plan
copying path_plan/motion_plan.py -> /home/aysenur/path_planning/build/path_plan/build/lib/path_plan
copying path_plan/robot_map.py -> /home/aysenur/path_planning/build/path_plan/build/lib/path_plan
running install
running install_lib
creating /home/aysenur/path_planning/install/path_plan/lib/python3.8/site-packages/path_plan
copying /home/aysenur/path_planning/build/path_plan/build/lib/path_plan/robot_setup.py -> /home/aysenur/path_planning/install/path_plan/lib/python3.8/site-packages/path_plan
copying /home/aysenur/path_planning/build/path_plan/build/lib/path_plan/features.py -> /home/aysenur/path_planning/install/path_plan/lib/python3.8/site-packages/path_plan
copying /home/aysenur/path_planning/build/path_plan/build/lib/path_plan/detect_robot.py -> /home/aysenur/path_planning/install/path_plan/lib/python3.8/site-packages/path_plan
copying /home/aysenur/path_planning/build/path_plan/build/lib/path_plan/pathplanning.py -> /home/aysenur/path_planning/install/path_plan/lib/python3.8/site-packages/path_plan
copying /home/aysenur/path_planning/build/path_plan/build/lib/path_plan/final_script.py -> /home/aysenur/path_planning/install/path_plan/lib/python3.8/site-packages/path_plan
copying /home/aysenur/path_planning/build/path_plan/build/lib/path_plan/__init__.py -> /home/aysenur/path_planning/install/path_plan/lib/python3.8/site-packages/path_plan
copying /home/aysenur/path_planning/build/path_plan/build/lib/path_plan/motion_plan.py -> /home/aysenur/path_planning/install/path_plan/lib/python3.8/site-packages/path_plan
copying /home/aysenur/path_planning/build/path_plan/build/lib/path_plan/robot_map.py -> /home/aysenur/path_planning/install/path_plan/lib/python3.8/site-packages/path_plan
byte-compiling /home/aysenur/path_planning/install/path_plan/lib/python3.8/site-packages/path_plan/robot_setup.py to robot_setup.cpython-38.pyc
byte-compiling /home/aysenur/path_planning/install/path_plan/lib/python3.8/site-packages/path_plan/features.py to features.cpython-38.pyc
byte-compiling /home/aysenur/path_planning/install/path_plan/lib/python3.8/site-packages/path_plan/detect_robot.py to detect_robot.cpython-38.pyc
byte-compiling /home/aysenur/path_planning/install/path_plan/lib/python3.8/site-packages/path_plan/pathplanning.py to pathplanning.cpython-38.pyc
byte-compiling /home/aysenur/path_planning/install/path_plan/lib/python3.8/site-packages/path_plan/final_script.py to final_script.cpython-38.pyc
byte-compiling /home/aysenur/path_planning/install/path_plan/lib/python3.8/site-packages/path_plan/__init__.py to __init__.cpython-38.pyc
byte-compiling /home/aysenur/path_planning/install/path_plan/lib/python3.8/site-packages/path_plan/motion_plan.py to motion_plan.cpython-38.pyc
byte-compiling /home/aysenur/path_planning/install/path_plan/lib/python3.8/site-packages/path_plan/robot_map.py to robot_map.cpython-38.pyc
running install_data
creating /home/aysenur/path_planning/install/path_plan/share/ament_index
creating /home/aysenur/path_planning/install/path_plan/share/ament_index/resource_index
creating /home/aysenur/path_planning/install/path_plan/share/ament_index/resource_index/packages
copying resource/path_plan -> /home/aysenur/path_planning/install/path_plan/share/ament_index/resource_index/packages
copying package.xml -> /home/aysenur/path_planning/install/path_plan/share/path_plan
creating /home/aysenur/path_planning/install/path_plan/share/path_plan/launch
copying launch/maze_2_robot_camera.launch.py -> /home/aysenur/path_planning/install/path_plan/share/path_plan/launch
copying launch/gazebo.launch.py -> /home/aysenur/path_planning/install/path_plan/share/path_plan/launch
copying launch/rviz.launch.py -> /home/aysenur/path_planning/install/path_plan/share/path_plan/launch
copying launch/maze_1_robot_camera.launch.py -> /home/aysenur/path_planning/install/path_plan/share/path_plan/launch
creating /home/aysenur/path_planning/install/path_plan/share/path_plan/urdf
copying urdf/maze_bot.urdf -> /home/aysenur/path_planning/install/path_plan/share/path_plan/urdf
creating /home/aysenur/path_planning/install/path_plan/share/path_plan/meshes
copying meshes/wheel_l.stl -> /home/aysenur/path_planning/install/path_plan/share/path_plan/meshes
copying meshes/front_caster.stl -> /home/aysenur/path_planning/install/path_plan/share/path_plan/meshes
copying meshes/wheel_r.stl -> /home/aysenur/path_planning/install/path_plan/share/path_plan/meshes
copying meshes/base_link.stl -> /home/aysenur/path_planning/install/path_plan/share/path_plan/meshes
creating /home/aysenur/path_planning/install/path_plan/share/path_plan/worlds
copying worlds/maze_2.world -> /home/aysenur/path_planning/install/path_plan/share/path_plan/worlds
copying worlds/maze_demo.world -> /home/aysenur/path_planning/install/path_plan/share/path_plan/worlds
running install_egg_info
Copying ../../build/path_plan/path_plan.egg-info to /home/aysenur/path_planning/install/path_plan/lib/python3.8/site-packages/path_plan-0.0.0-py3.8.egg-info
running install_scripts
writing list of installed files to '/home/aysenur/path_planning/build/path_plan/install.log'
