[0.392s] Invoking command in '/home/aysenur/path_planning/src/path_plan': PYTHONPATH=/home/aysenur/path_planning/build/path_plan/prefix_override:/home/aysenur/path_planning/install/path_plan/lib/python3.8/site-packages:${PYTHONPATH} /usr/bin/python3 setup.py egg_info --egg-base ../../build/path_plan build --build-base /home/aysenur/path_planning/build/path_plan/build install --record /home/aysenur/path_planning/build/path_plan/install.log --install-scripts $base/lib/path_plan --single-version-externally-managed
[0.523s] running egg_info
[0.523s] creating ../../build/path_plan/path_plan.egg-info
[0.523s] writing ../../build/path_plan/path_plan.egg-info/PKG-INFO
[0.524s] writing dependency_links to ../../build/path_plan/path_plan.egg-info/dependency_links.txt
[0.524s] writing entry points to ../../build/path_plan/path_plan.egg-info/entry_points.txt
[0.524s] writing requirements to ../../build/path_plan/path_plan.egg-info/requires.txt
[0.524s] writing top-level names to ../../build/path_plan/path_plan.egg-info/top_level.txt
[0.525s] writing manifest file '../../build/path_plan/path_plan.egg-info/SOURCES.txt'
[0.546s] reading manifest file '../../build/path_plan/path_plan.egg-info/SOURCES.txt'
[0.547s] writing manifest file '../../build/path_plan/path_plan.egg-info/SOURCES.txt'
[0.547s] running build
[0.547s] running build_py
[0.547s] creating /home/aysenur/path_planning/build/path_plan/build
[0.547s] creating /home/aysenur/path_planning/build/path_plan/build/lib
[0.547s] creating /home/aysenur/path_planning/build/path_plan/build/lib/path_plan
[0.547s] copying path_plan/robot_setup.py -> /home/aysenur/path_planning/build/path_plan/build/lib/path_plan
[0.547s] copying path_plan/features.py -> /home/aysenur/path_planning/build/path_plan/build/lib/path_plan
[0.547s] copying path_plan/detect_robot.py -> /home/aysenur/path_planning/build/path_plan/build/lib/path_plan
[0.547s] copying path_plan/pathplanning.py -> /home/aysenur/path_planning/build/path_plan/build/lib/path_plan
[0.547s] copying path_plan/final_script.py -> /home/aysenur/path_planning/build/path_plan/build/lib/path_plan
[0.547s] copying path_plan/__init__.py -> /home/aysenur/path_planning/build/path_plan/build/lib/path_plan
[0.547s] copying path_plan/motion_plan.py -> /home/aysenur/path_planning/build/path_plan/build/lib/path_plan
[0.547s] copying path_plan/robot_map.py -> /home/aysenur/path_planning/build/path_plan/build/lib/path_plan
[0.547s] running install
[0.548s] running install_lib
[0.548s] creating /home/aysenur/path_planning/install/path_plan/lib/python3.8/site-packages/path_plan
[0.549s] copying /home/aysenur/path_planning/build/path_plan/build/lib/path_plan/robot_setup.py -> /home/aysenur/path_planning/install/path_plan/lib/python3.8/site-packages/path_plan
[0.549s] copying /home/aysenur/path_planning/build/path_plan/build/lib/path_plan/features.py -> /home/aysenur/path_planning/install/path_plan/lib/python3.8/site-packages/path_plan
[0.549s] copying /home/aysenur/path_planning/build/path_plan/build/lib/path_plan/detect_robot.py -> /home/aysenur/path_planning/install/path_plan/lib/python3.8/site-packages/path_plan
[0.549s] copying /home/aysenur/path_planning/build/path_plan/build/lib/path_plan/pathplanning.py -> /home/aysenur/path_planning/install/path_plan/lib/python3.8/site-packages/path_plan
[0.549s] copying /home/aysenur/path_planning/build/path_plan/build/lib/path_plan/final_script.py -> /home/aysenur/path_planning/install/path_plan/lib/python3.8/site-packages/path_plan
[0.549s] copying /home/aysenur/path_planning/build/path_plan/build/lib/path_plan/__init__.py -> /home/aysenur/path_planning/install/path_plan/lib/python3.8/site-packages/path_plan
[0.549s] copying /home/aysenur/path_planning/build/path_plan/build/lib/path_plan/motion_plan.py -> /home/aysenur/path_planning/install/path_plan/lib/python3.8/site-packages/path_plan
[0.549s] copying /home/aysenur/path_planning/build/path_plan/build/lib/path_plan/robot_map.py -> /home/aysenur/path_planning/install/path_plan/lib/python3.8/site-packages/path_plan
[0.549s] byte-compiling /home/aysenur/path_planning/install/path_plan/lib/python3.8/site-packages/path_plan/robot_setup.py to robot_setup.cpython-38.pyc
[0.550s] byte-compiling /home/aysenur/path_planning/install/path_plan/lib/python3.8/site-packages/path_plan/features.py to features.cpython-38.pyc
[0.550s] byte-compiling /home/aysenur/path_planning/install/path_plan/lib/python3.8/site-packages/path_plan/detect_robot.py to detect_robot.cpython-38.pyc
[0.551s] byte-compiling /home/aysenur/path_planning/install/path_plan/lib/python3.8/site-packages/path_plan/pathplanning.py to pathplanning.cpython-38.pyc
[0.553s] byte-compiling /home/aysenur/path_planning/install/path_plan/lib/python3.8/site-packages/path_plan/final_script.py to final_script.cpython-38.pyc
[0.554s] byte-compiling /home/aysenur/path_planning/install/path_plan/lib/python3.8/site-packages/path_plan/__init__.py to __init__.cpython-38.pyc
[0.554s] byte-compiling /home/aysenur/path_planning/install/path_plan/lib/python3.8/site-packages/path_plan/motion_plan.py to motion_plan.cpython-38.pyc
[0.555s] byte-compiling /home/aysenur/path_planning/install/path_plan/lib/python3.8/site-packages/path_plan/robot_map.py to robot_map.cpython-38.pyc
[0.557s] running install_data
[0.557s] creating /home/aysenur/path_planning/install/path_plan/share/ament_index
[0.557s] creating /home/aysenur/path_planning/install/path_plan/share/ament_index/resource_index
[0.557s] creating /home/aysenur/path_planning/install/path_plan/share/ament_index/resource_index/packages
[0.557s] copying resource/path_plan -> /home/aysenur/path_planning/install/path_plan/share/ament_index/resource_index/packages
[0.557s] copying package.xml -> /home/aysenur/path_planning/install/path_plan/share/path_plan
[0.558s] creating /home/aysenur/path_planning/install/path_plan/share/path_plan/launch
[0.558s] copying launch/maze_2_robot_camera.launch.py -> /home/aysenur/path_planning/install/path_plan/share/path_plan/launch
[0.558s] copying launch/gazebo.launch.py -> /home/aysenur/path_planning/install/path_plan/share/path_plan/launch
[0.558s] copying launch/rviz.launch.py -> /home/aysenur/path_planning/install/path_plan/share/path_plan/launch
[0.558s] copying launch/maze_1_robot_camera.launch.py -> /home/aysenur/path_planning/install/path_plan/share/path_plan/launch
[0.558s] creating /home/aysenur/path_planning/install/path_plan/share/path_plan/urdf
[0.558s] copying urdf/maze_bot.urdf -> /home/aysenur/path_planning/install/path_plan/share/path_plan/urdf
[0.558s] creating /home/aysenur/path_planning/install/path_plan/share/path_plan/meshes
[0.558s] copying meshes/wheel_l.stl -> /home/aysenur/path_planning/install/path_plan/share/path_plan/meshes
[0.558s] copying meshes/front_caster.stl -> /home/aysenur/path_planning/install/path_plan/share/path_plan/meshes
[0.558s] copying meshes/wheel_r.stl -> /home/aysenur/path_planning/install/path_plan/share/path_plan/meshes
[0.558s] copying meshes/base_link.stl -> /home/aysenur/path_planning/install/path_plan/share/path_plan/meshes
[0.558s] creating /home/aysenur/path_planning/install/path_plan/share/path_plan/worlds
[0.558s] copying worlds/maze_2.world -> /home/aysenur/path_planning/install/path_plan/share/path_plan/worlds
[0.558s] copying worlds/maze_demo.world -> /home/aysenur/path_planning/install/path_plan/share/path_plan/worlds
[0.558s] running install_egg_info
[0.559s] Copying ../../build/path_plan/path_plan.egg-info to /home/aysenur/path_planning/install/path_plan/lib/python3.8/site-packages/path_plan-0.0.0-py3.8.egg-info
[0.560s] running install_scripts
[0.571s] writing list of installed files to '/home/aysenur/path_planning/build/path_plan/install.log'
[0.585s] Invoked command in '/home/aysenur/path_planning/src/path_plan' returned '0': PYTHONPATH=/home/aysenur/path_planning/build/path_plan/prefix_override:/home/aysenur/path_planning/install/path_plan/lib/python3.8/site-packages:${PYTHONPATH} /usr/bin/python3 setup.py egg_info --egg-base ../../build/path_plan build --build-base /home/aysenur/path_planning/build/path_plan/build install --record /home/aysenur/path_planning/build/path_plan/install.log --install-scripts $base/lib/path_plan --single-version-externally-managed
